Thu, 07 Dec 2023 05:36:47 GMT POST /auth/login 200 600 - 383.524 ms {"email":"poi@gmail.com","password":""}
Thu, 07 Dec 2023 05:36:48 GMT GET /assets/undefined 404 155 - 2.024 ms {}
Thu, 07 Dec 2023 05:36:48 GMT GET /posts 304 - - 254.221 ms {}
Thu, 07 Dec 2023 05:36:48 GMT GET /users/6569b513998b1521bbba6c0b 304 - - 271.074 ms {}
Thu, 07 Dec 2023 05:36:48 GMT GET /assets/ 404 146 - 0.408 ms {}
Thu, 07 Dec 2023 05:36:48 GMT GET /assets/kru2.jpg 404 154 - 0.347 ms {}
Thu, 07 Dec 2023 05:36:48 GMT GET /users/6569b513998b1521bbba6c0b 304 - - 237.440 ms {}
Thu, 07 Dec 2023 05:36:48 GMT GET /posts 304 - - 292.517 ms {}
Thu, 07 Dec 2023 05:36:50 GMT GET /users/6569b513998b1521bbba6c0b/friends 304 - - 2035.930 ms {}
Thu, 07 Dec 2023 05:36:50 GMT GET /assets/kru2.jpg 404 154 - 0.214 ms {}
Thu, 07 Dec 2023 05:36:50 GMT GET /assets/ 404 146 - 0.224 ms {}
Thu, 07 Dec 2023 05:36:50 GMT GET /users/6569b513998b1521bbba6c0b/friends 304 - - 527.129 ms {}
Sat, 09 Dec 2023 06:17:49 GMT POST /auth/login 200 600 - 388.880 ms {"email":"poi@gmail.com","password":""}
Sat, 09 Dec 2023 06:17:49 GMT GET /assets/undefined 404 155 - 1.748 ms {}
Sat, 09 Dec 2023 06:17:50 GMT GET /posts 304 - - 324.250 ms {}
Sat, 09 Dec 2023 06:17:50 GMT GET /users/6569b513998b1521bbba6c0b 304 - - 340.222 ms {}
Sat, 09 Dec 2023 06:17:50 GMT GET /assets/ 404 146 - 0.410 ms {}
Sat, 09 Dec 2023 06:17:50 GMT GET /assets/kru2.jpg 404 154 - 0.199 ms {}
Sat, 09 Dec 2023 06:17:50 GMT GET /posts 304 - - 235.591 ms {}
Sat, 09 Dec 2023 06:17:50 GMT GET /users/6569b513998b1521bbba6c0b 304 - - 264.630 ms {}
Sat, 09 Dec 2023 06:17:52 GMT GET /users/6569b513998b1521bbba6c0b/friends 304 - - 2085.624 ms {}
Sat, 09 Dec 2023 06:17:52 GMT GET /assets/kru2.jpg 404 154 - 0.341 ms {}
Sat, 09 Dec 2023 06:17:52 GMT GET /assets/ 404 146 - 0.551 ms {}
Sat, 09 Dec 2023 06:17:52 GMT GET /users/6569b513998b1521bbba6c0b/friends 304 - - 516.351 ms {}
Sat, 09 Dec 2023 06:18:18 GMT PATCH /users/6569b513998b1521bbba6c0b/6551be6bcde7df62be9e10bb 200 132 - 1990.719 ms {}
Sat, 09 Dec 2023 06:18:30 GMT PATCH /users/6569b513998b1521bbba6c0b/6551be6bcde7df62be9e10bb 200 260 - 1553.325 ms {}
Sat, 09 Dec 2023 06:18:30 GMT GET /assets/ 404 146 - 0.479 ms {}
Sat, 09 Dec 2023 06:22:01 GMT POST /auth/login 200 600 - 334.419 ms {"email":"poi@gmail.com","password":""}
Sat, 09 Dec 2023 06:22:01 GMT GET /assets/undefined 404 155 - 3.430 ms {}
Sat, 09 Dec 2023 06:22:02 GMT GET /posts 304 - - 263.525 ms {}
Sat, 09 Dec 2023 06:22:02 GMT GET /users/6569b513998b1521bbba6c0b 200 432 - 260.602 ms {}
Sat, 09 Dec 2023 06:22:02 GMT GET /assets/ 404 146 - 0.480 ms {}
Sat, 09 Dec 2023 06:22:02 GMT GET /assets/kru2.jpg 404 154 - 0.385 ms {}
Sat, 09 Dec 2023 06:22:02 GMT GET /users/6569b513998b1521bbba6c0b 304 - - 227.940 ms {}
Sat, 09 Dec 2023 06:22:02 GMT GET /posts 304 - - 273.825 ms {}
Sat, 09 Dec 2023 06:22:03 GMT GET /users/6569b513998b1521bbba6c0b/friends 304 - - 1709.563 ms {}
Sat, 09 Dec 2023 06:22:03 GMT GET /assets/kru2.jpg 404 154 - 0.263 ms {}
Sat, 09 Dec 2023 06:22:03 GMT GET /assets/ 404 146 - 0.497 ms {}
Sat, 09 Dec 2023 06:22:03 GMT GET /users/6569b513998b1521bbba6c0b/friends 304 - - 507.996 ms {}
Sat, 09 Dec 2023 06:22:08 GMT GET /users/6569b513998b1521bbba6c0b 304 - - 251.673 ms {}
Sat, 09 Dec 2023 06:22:08 GMT GET /assets/kru2.jpg 404 154 - 0.408 ms {}
Sat, 09 Dec 2023 06:22:08 GMT GET /assets/undefined 404 155 - 0.630 ms {}
Sat, 09 Dec 2023 06:22:08 GMT GET /assets/ 404 146 - 0.577 ms {}
Sat, 09 Dec 2023 06:22:09 GMT GET /users/6569b513998b1521bbba6c0b 304 - - 315.267 ms {}
Sat, 09 Dec 2023 06:22:09 GMT GET /posts/6569b513998b1521bbba6c0b/posts 304 - - 237.436 ms {}
Sat, 09 Dec 2023 06:22:09 GMT GET /users/6569b513998b1521bbba6c0b 304 - - 297.006 ms {}
Sat, 09 Dec 2023 06:22:09 GMT GET /posts/6569b513998b1521bbba6c0b/posts 304 - - 264.089 ms {}
Sat, 09 Dec 2023 06:22:09 GMT GET /assets/undefined 404 155 - 0.432 ms {}
Sat, 09 Dec 2023 06:22:09 GMT GET /users/6569b513998b1521bbba6c0b 304 - - 306.814 ms {}
Sat, 09 Dec 2023 06:22:10 GMT GET /users/6569b513998b1521bbba6c0b/friends 304 - - 1956.796 ms {}
Sat, 09 Dec 2023 06:22:11 GMT GET /users/6569b513998b1521bbba6c0b/friends 304 - - 452.055 ms {}
Sat, 09 Dec 2023 06:22:19 GMT GET /assets/kru2.jpg 404 154 - 0.452 ms {}
Sat, 09 Dec 2023 06:22:19 GMT GET /assets/ 404 146 - 0.300 ms {}
Sat, 09 Dec 2023 06:22:19 GMT GET /users/6569b513998b1521bbba6c0b 304 - - 328.577 ms {}
Sat, 09 Dec 2023 06:22:19 GMT GET /posts 304 - - 336.654 ms {}
Sat, 09 Dec 2023 06:22:19 GMT GET /assets/undefined 404 155 - 0.287 ms {}
Sat, 09 Dec 2023 06:22:19 GMT GET /assets/ 404 146 - 0.301 ms {}
Sat, 09 Dec 2023 06:22:19 GMT GET /assets/kru2.jpg 404 154 - 0.610 ms {}
Sat, 09 Dec 2023 06:22:19 GMT GET /users/6569b513998b1521bbba6c0b/friends 304 - - 617.404 ms {}
Sat, 09 Dec 2023 06:22:19 GMT GET /users/6569b513998b1521bbba6c0b 304 - - 279.347 ms {}
Sat, 09 Dec 2023 06:22:19 GMT GET /posts 304 - - 278.848 ms {}
Sat, 09 Dec 2023 06:22:20 GMT GET /users/6569b513998b1521bbba6c0b/friends 304 - - 582.851 ms {}
Sat, 09 Dec 2023 06:22:39 GMT POST /posts 201 4526 - 1477.691 ms {"userId":"6569b513998b1521bbba6c0b","description":"latest post ! hello I am back"}
Sat, 09 Dec 2023 06:22:41 GMT GET /assets/kru2.jpg 404 154 - 0.249 ms {}
Sat, 09 Dec 2023 06:22:41 GMT GET /assets/ 404 146 - 0.406 ms {}
Sat, 09 Dec 2023 06:22:41 GMT GET /posts 200 4526 - 238.052 ms {}
Sat, 09 Dec 2023 06:22:41 GMT GET /users/6569b513998b1521bbba6c0b 304 - - 254.558 ms {}
Sat, 09 Dec 2023 06:22:41 GMT GET /assets/undefined 404 155 - 0.201 ms {}
Sat, 09 Dec 2023 06:22:41 GMT GET /assets/ 404 146 - 0.229 ms {}
Sat, 09 Dec 2023 06:22:41 GMT GET /assets/kru2.jpg 404 154 - 0.205 ms {}
Sat, 09 Dec 2023 06:22:42 GMT GET /users/6569b513998b1521bbba6c0b/friends 304 - - 458.117 ms {}
Sat, 09 Dec 2023 06:22:42 GMT GET /posts 304 - - 225.753 ms {}
Sat, 09 Dec 2023 06:22:42 GMT GET /users/6569b513998b1521bbba6c0b 304 - - 291.019 ms {}
Sat, 09 Dec 2023 06:22:42 GMT GET /users/6569b513998b1521bbba6c0b/friends 304 - - 477.300 ms {}
Sat, 09 Dec 2023 06:22:59 GMT PATCH /users/6569b513998b1521bbba6c0b/6551be6bcde7df62be9e10bb 200 132 - 1985.845 ms {}
Sat, 09 Dec 2023 06:23:05 GMT PATCH /users/6569b513998b1521bbba6c0b/6551be6bcde7df62be9e10bb 200 260 - 1823.004 ms {}
Sat, 09 Dec 2023 06:23:05 GMT GET /assets/ 404 146 - 0.168 ms {}
Sat, 09 Dec 2023 06:23:09 GMT GET /assets/undefined 404 155 - 0.348 ms {}
Sat, 09 Dec 2023 06:23:09 GMT GET /assets/ 404 146 - 0.329 ms {}
Sat, 09 Dec 2023 06:23:09 GMT GET /assets/kru2.jpg 404 154 - 0.412 ms {}
Sat, 09 Dec 2023 06:23:09 GMT GET /posts 304 - - 330.328 ms {}
Sat, 09 Dec 2023 06:23:09 GMT GET /users/6569b513998b1521bbba6c0b 200 432 - 348.946 ms {}
Sat, 09 Dec 2023 06:23:09 GMT GET /users/6569b513998b1521bbba6c0b/friends 304 - - 609.850 ms {}
Sat, 09 Dec 2023 06:23:09 GMT GET /users/6569b513998b1521bbba6c0b 304 - - 254.375 ms {}
Sat, 09 Dec 2023 06:23:09 GMT GET /posts 304 - - 281.269 ms {}
Sat, 09 Dec 2023 06:23:10 GMT GET /users/6569b513998b1521bbba6c0b/friends 304 - - 509.631 ms {}
Sat, 09 Dec 2023 06:29:50 GMT POST /auth/login 200 600 - 4670.997 ms {"email":"poi@gmail.com","password":""}
Sat, 09 Dec 2023 06:29:50 GMT POST /auth/login 500 40 - 343.908 ms {"email":"poi@gmail.com","password":""}
Sat, 09 Dec 2023 06:29:51 GMT POST /auth/login 400 28 - 219.743 ms {"email":"po@gmail.com","password":""}
Sat, 09 Dec 2023 06:41:47 GMT POST /auth/login 200 600 - 405.133 ms {"email":"poi@gmail.com","password":""}
Sat, 09 Dec 2023 06:41:47 GMT GET /assets/undefined 404 155 - 1.514 ms {}
Sat, 09 Dec 2023 06:41:47 GMT GET /users/6569b513998b1521bbba6c0b 304 - - 260.955 ms {}
Sat, 09 Dec 2023 06:41:47 GMT GET /assets/ 404 146 - 0.440 ms {}
Sat, 09 Dec 2023 06:41:47 GMT GET /assets/kru2.jpg 404 154 - 0.348 ms {}
Sat, 09 Dec 2023 06:41:47 GMT GET /users/6569b513998b1521bbba6c0b 304 - - 277.717 ms {}
Sat, 09 Dec 2023 06:41:48 GMT GET /posts 304 - - 1758.774 ms {}
Sat, 09 Dec 2023 06:41:49 GMT GET /users/6569b513998b1521bbba6c0b/friends 304 - - 1944.897 ms {}
Sat, 09 Dec 2023 06:41:49 GMT GET /posts 304 - - 266.128 ms {}
Sat, 09 Dec 2023 06:41:49 GMT GET /assets/kru2.jpg 404 154 - 0.257 ms {}
Sat, 09 Dec 2023 06:41:49 GMT GET /assets/ 404 146 - 0.547 ms {}
Sat, 09 Dec 2023 06:41:49 GMT GET /users/6569b513998b1521bbba6c0b/friends 304 - - 513.283 ms {}
Sat, 09 Dec 2023 06:59:57 GMT POST /auth/login 200 600 - 5907.279 ms {"email":"poi@gmail.com","password":""}
Sat, 09 Dec 2023 06:59:57 GMT POST /auth/login 500 40 - 340.096 ms {"email":"poi@gmail.com","password":""}
Sat, 09 Dec 2023 06:59:58 GMT POST /auth/login 400 28 - 319.830 ms {"email":"po@gmail.com","password":""}
Sat, 09 Dec 2023 07:03:24 GMT POST /auth/login 200 600 - 5173.262 ms {"email":"poi@gmail.com","password":""}
Sat, 09 Dec 2023 07:03:25 GMT POST /auth/login 500 40 - 337.900 ms {"email":"poi@gmail.com","password":""}
Sat, 09 Dec 2023 07:03:25 GMT POST /auth/login 400 28 - 334.854 ms {"email":"po@gmail.com","password":""}
Sat, 09 Dec 2023 07:14:28 GMT POST /auth/login 200 600 - 5221.356 ms {"email":"poi@gmail.com","password":""}
Sat, 09 Dec 2023 07:14:29 GMT POST /auth/login 500 40 - 353.704 ms {"email":"poi@gmail.com","password":""}
Sat, 09 Dec 2023 07:14:29 GMT POST /auth/login 400 28 - 334.262 ms {"email":"po@gmail.com","password":""}
Sat, 09 Dec 2023 07:16:43 GMT POST /auth/login 200 600 - 5621.150 ms {"email":"poi@gmail.com","password":""}
Sat, 09 Dec 2023 07:16:44 GMT POST /auth/login 500 40 - 337.639 ms {"email":"poi@gmail.com","password":""}
Sat, 09 Dec 2023 07:16:44 GMT POST /auth/login 400 28 - 335.707 ms {"email":"po@gmail.com","password":""}
Sat, 09 Dec 2023 17:37:06 GMT POST /auth/login 500 73 - 10015.044 ms {"email":"poi@gmail.com","password":""}
Sat, 09 Dec 2023 17:37:13 GMT POST /auth/login 500 40 - 6429.771 ms {"email":"poi@gmail.com","password":""}
Sat, 09 Dec 2023 17:37:13 GMT POST /auth/login 400 28 - 256.895 ms {"email":"po@gmail.com","password":""}
Sat, 09 Dec 2023 17:38:11 GMT POST /auth/login 200 627 - 7081.388 ms {"email":"poi@gmail.com","password":""}
Sat, 09 Dec 2023 17:38:11 GMT POST /auth/login 500 40 - 536.015 ms {"email":"poi@gmail.com","password":""}
Sat, 09 Dec 2023 17:38:11 GMT POST /auth/login 400 28 - 315.688 ms {"email":"po@gmail.com","password":""}
